<?xml version="1.0" encoding="UTF-8"?>
<testng-results skipped="0" failed="0" total="1" passed="1">
  <reporter-output>
  </reporter-output>
  <suite name="Default suite" duration-ms="49" started-at="2014-08-13T00:29:06Z" finished-at="2014-08-13T00:29:06Z">
    <groups>
    </groups>
    <test name="Default test" duration-ms="49" started-at="2014-08-13T00:29:06Z" finished-at="2014-08-13T00:29:06Z">
      <class name="mod3test">
        <test-method status="PASS" signature="selection()[pri:0, instance:mod3test@131d0b89]" name="selection" duration-ms="26" started-at="2014-08-12T17:29:06Z" finished-at="2014-08-12T17:29:06Z">
          <reporter-output>
          </reporter-output>
        </test-method> <!-- selection -->
      </class> <!-- mod3test -->
    </test> <!-- Default test -->
  </suite> <!-- Default suite -->
</testng-results>
