<?xml version="1.0" encoding="UTF-8"?>
<testng-results skipped="0" failed="0" total="1" passed="1">
  <reporter-output>
  </reporter-output>
  <suite name="sampleTest" duration-ms="160" started-at="2014-07-14T13:04:15Z" finished-at="2014-07-14T13:04:15Z">
    <groups>
    </groups>
    <test name="Command line test" duration-ms="160" started-at="2014-07-14T13:04:15Z" finished-at="2014-07-14T13:04:15Z">
      <class name="sampleTest">
        <test-method status="PASS" signature="selection()[pri:0, instance:sampleTest@31981115]" name="selection" duration-ms="80" started-at="2014-07-14T13:04:15Z" finished-at="2014-07-14T13:04:15Z">
        </test-method>
      </class>
    </test>
  </suite>
</testng-results>
